<?xml version="1.0" encoding="UTF-8"?>
<!-- Generated by org.testng.reporters.JUnitXMLReporter -->
<testsuite ignored="0" hostname="Presidios-MacBook-Pro-4.local" failures="0" tests="3" name="Default test" time="14.447" errors="0" timestamp="2025-03-31T14:54:52 IST">
  <testcase classname="tests.CompletePuchrchaseTest" name="testCheckoutWithDifferentUsers" time="2.007"/>
  <testcase classname="tests.CompletePuchrchaseTest" name="testCheckoutWithDifferentUsers" time="1.962"/>
  <testcase classname="tests.CompletePuchrchaseTest" name="testCheckoutWithDifferentUsers" time="1.949"/>
</testsuite> <!-- Default test -->
