<?xml version="1.0" encoding="UTF-8"?>
<testng-results ignored="0" total="6" passed="2" failed="4" skipped="0">
  <reporter-output>
  </reporter-output>
  <suite started-at="2025-03-31T11:25:41 IST" name="Suite" finished-at="2025-03-31T11:26:36 IST" duration-ms="54891">
    <groups>
    </groups>
    <test started-at="2025-03-31T11:25:41 IST" name="Test" finished-at="2025-03-31T11:26:36 IST" duration-ms="54891">
      <class name="tests.LoginTest">
        <test-method is-config="true" signature="setup()[pri:0, instance:tests.LoginTest@57a78e3]" started-at="2025-03-31T11:25:41 IST" name="setup" finished-at="2025-03-31T11:25:45 IST" duration-ms="3715" status="PASS">
          <reporter-output>
          </reporter-output>
        </test-method> <!-- setup -->
        <test-method signature="testLogin()[pri:0, instance:tests.LoginTest@57a78e3]" started-at="2025-03-31T11:25:45 IST" name="testLogin" finished-at="2025-03-31T11:25:46 IST" duration-ms="1124" status="PASS">
          <reporter-output>
          </reporter-output>
        </test-method> <!-- testLogin -->
        <test-method is-config="true" signature="teardown(org.testng.ITestResult)[pri:0, instance:tests.LoginTest@57a78e3]" started-at="2025-03-31T11:25:46 IST" name="teardown" finished-at="2025-03-31T11:25:46 IST" duration-ms="129" status="PASS">
          <params>
            <param index="0">
              <value>
                <![CDATA[[TestResult name=testLogin status=SUCCESS method=LoginTest.testLogin()[pri:0, instance:tests.LoginTest@57a78e3] output={null}]]]>
              </value>
            </param>
          </params>
          <reporter-output>
          </reporter-output>
        </test-method> <!-- teardown -->
      </class> <!-- tests.LoginTest -->
      <class name="tests.ProductSortTest">
        <test-method is-config="true" signature="setup()[pri:0, instance:tests.ProductSortTest@792b749c]" started-at="2025-03-31T11:25:41 IST" name="setup" finished-at="2025-03-31T11:25:45 IST" duration-ms="3286" status="PASS">
          <reporter-output>
          </reporter-output>
        </test-method> <!-- setup -->
        <test-method signature="Verify_the_product_list_is_displayed_after_login()[pri:0, instance:tests.ProductSortTest@792b749c]" started-at="2025-03-31T11:25:45 IST" name="Verify_the_product_list_is_displayed_after_login" finished-at="2025-03-31T11:25:46 IST" duration-ms="1557" status="PASS">
          <reporter-output>
          </reporter-output>
        </test-method> <!-- Verify_the_product_list_is_displayed_after_login -->
        <test-method is-config="true" signature="teardown(org.testng.ITestResult)[pri:0, instance:tests.ProductSortTest@792b749c]" started-at="2025-03-31T11:25:46 IST" name="teardown" finished-at="2025-03-31T11:25:46 IST" duration-ms="123" status="PASS">
          <params>
            <param index="0">
              <value>
                <![CDATA[[TestResult name=Verify_the_product_list_is_displayed_after_login status=SUCCESS method=ProductSortTest.Verify_the_product_list_is_displayed_after_login()[pri:0, instance:tests.ProductSortTest@792b749c] output={null}]]]>
              </value>
            </param>
          </params>
          <reporter-output>
          </reporter-output>
        </test-method> <!-- teardown -->
        <test-method is-config="true" signature="setup()[pri:0, instance:tests.ProductSortTest@792b749c]" started-at="2025-03-31T11:25:46 IST" name="setup" finished-at="2025-03-31T11:25:49 IST" duration-ms="2332" status="PASS">
          <reporter-output>
          </reporter-output>
        </test-method> <!-- setup -->
        <test-method is-config="true" signature="setup()[pri:0, instance:tests.ProductSortTest@792b749c]" started-at="2025-03-31T11:25:46 IST" name="setup" finished-at="2025-03-31T11:25:49 IST" duration-ms="2507" status="PASS">
          <reporter-output>
          </reporter-output>
        </test-method> <!-- setup -->
        <test-method signature="testSortByNameAscending()[pri:1, instance:tests.ProductSortTest@792b749c]" started-at="2025-03-31T11:25:49 IST" name="testSortByNameAscending" finished-at="2025-03-31T11:26:00 IST" duration-ms="11043" status="FAIL">
          <exception class="org.openqa.selenium.NoSuchElementException">
            <message>
              <![CDATA[no such element: Unable to locate element: {"method":"css selector","selector":".product_sort_container"}
  (Session info: chrome=134.0.6998.166)
For documentation on this error, please visit: https://www.selenium.dev/documentation/webdriver/troubleshooting/errors#no-such-element-exception
Build info: version: '4.17.0', revision: 'e52b1be057*'
System info: os.name: 'Mac OS X', os.arch: 'x86_64', os.version: '13.6.6', java.version: '21.0.4'
Driver info: org.openqa.selenium.chrome.ChromeDriver
Command: [2987f9caabe281d974fb4d6eb70973df, findElement {value=product_sort_container, using=class name}]
Capabilities {acceptInsecureCerts: false, browserName: chrome, browserVersion: 134.0.6998.166, chrome: {chromedriverVersion: 134.0.6998.165 (fd886e2cb29..., userDataDir: /var/folders/9g/_h7t81qn27j...}, fedcm:accounts: true, goog:chromeOptions: {debuggerAddress: localhost:55866}, networkConnectionEnabled: false, pageLoadStrategy: normal, platformName: mac, proxy: Proxy(), se:cdp: ws://localhost:55866/devtoo..., se:cdpVersion: 134.0.6998.166, setWindowRect: true, strictFileInteractability: false, timeouts: {implicit: 0, pageLoad: 300000, script: 30000}, unhandledPromptBehavior: dismiss and notify, webauthn:extension:credBlob: true, webauthn:extension:largeBlob: true, webauthn:extension:minPinLength: true, webauthn:extension:prf: true, webauthn:virtualAuthenticators: true}
Session ID: 2987f9caabe281d974fb4d6eb70973df]]>
            </message>
            <full-stacktrace>
              <![CDATA[org.openqa.selenium.NoSuchElementException: no such element: Unable to locate element: {"method":"css selector","selector":".product_sort_container"}
  (Session info: chrome=134.0.6998.166)
For documentation on this error, please visit: https://www.selenium.dev/documentation/webdriver/troubleshooting/errors#no-such-element-exception
Build info: version: '4.17.0', revision: 'e52b1be057*'
System info: os.name: 'Mac OS X', os.arch: 'x86_64', os.version: '13.6.6', java.version: '21.0.4'
Driver info: org.openqa.selenium.chrome.ChromeDriver
Command: [2987f9caabe281d974fb4d6eb70973df, findElement {value=product_sort_container, using=class name}]
Capabilities {acceptInsecureCerts: false, browserName: chrome, browserVersion: 134.0.6998.166, chrome: {chromedriverVersion: 134.0.6998.165 (fd886e2cb29..., userDataDir: /var/folders/9g/_h7t81qn27j...}, fedcm:accounts: true, goog:chromeOptions: {debuggerAddress: localhost:55866}, networkConnectionEnabled: false, pageLoadStrategy: normal, platformName: mac, proxy: Proxy(), se:cdp: ws://localhost:55866/devtoo..., se:cdpVersion: 134.0.6998.166, setWindowRect: true, strictFileInteractability: false, timeouts: {implicit: 0, pageLoad: 300000, script: 30000}, unhandledPromptBehavior: dismiss and notify, webauthn:extension:credBlob: true, webauthn:extension:largeBlob: true, webauthn:extension:minPinLength: true, webauthn:extension:prf: true, webauthn:virtualAuthenticators: true}
Session ID: 2987f9caabe281d974fb4d6eb70973df
at java.base/jdk.internal.reflect.DirectConstructorHandleAccessor.newInstance(DirectConstructorHandleAccessor.java:62)
at java.base/java.lang.reflect.Constructor.newInstanceWithCaller(Constructor.java:502)
at java.base/java.lang.reflect.Constructor.newInstance(Constructor.java:486)
at org.openqa.selenium.remote.codec.w3c.W3CHttpResponseCodec.createException(W3CHttpResponseCodec.java:185)
at org.openqa.selenium.remote.codec.w3c.W3CHttpResponseCodec.decode(W3CHttpResponseCodec.java:134)
at org.openqa.selenium.remote.codec.w3c.W3CHttpResponseCodec.decode(W3CHttpResponseCodec.java:51)
at org.openqa.selenium.remote.HttpCommandExecutor.execute(HttpCommandExecutor.java:190)
at org.openqa.selenium.remote.service.DriverCommandExecutor.invokeExecute(DriverCommandExecutor.java:216)
at org.openqa.selenium.remote.service.DriverCommandExecutor.execute(DriverCommandExecutor.java:174)
at org.openqa.selenium.remote.RemoteWebDriver.execute(RemoteWebDriver.java:519)
at org.openqa.selenium.remote.ElementLocation$ElementFinder$2.findElement(ElementLocation.java:165)
at org.openqa.selenium.remote.ElementLocation.findElement(ElementLocation.java:66)
at org.openqa.selenium.remote.RemoteWebDriver.findElement(RemoteWebDriver.java:356)
at org.openqa.selenium.remote.RemoteWebDriver.findElement(RemoteWebDriver.java:350)
at pages.InventoryPage.selectSortingOption(InventoryPage.java:30)
at tests.ProductSortTest.testSortByNameAscending(ProductSortTest.java:27)
at java.base/jdk.internal.reflect.DirectMethodHandleAccessor.invoke(DirectMethodHandleAccessor.java:103)
at java.base/java.lang.reflect.Method.invoke(Method.java:580)
at org.testng.internal.invokers.MethodInvocationHelper.invokeMethod(MethodInvocationHelper.java:139)
at org.testng.internal.invokers.TestInvoker.invokeMethod(TestInvoker.java:664)
at org.testng.internal.invokers.TestInvoker.invokeTestMethod(TestInvoker.java:228)
at org.testng.internal.invokers.MethodRunner.runInSequence(MethodRunner.java:63)
at org.testng.internal.invokers.TestInvoker$MethodInvocationAgent.invoke(TestInvoker.java:961)
at org.testng.internal.invokers.TestInvoker.invokeTestMethods(TestInvoker.java:201)
at org.testng.internal.invokers.TestMethodWorker.invokeTestMethods(TestMethodWorker.java:148)
at org.testng.internal.invokers.TestMethodWorker.run(TestMethodWorker.java:128)
at java.base/java.util.concurrent.Executors$RunnableAdapter.call(Executors.java:572)
at java.base/java.util.concurrent.FutureTask.run(FutureTask.java:317)
at org.testng.internal.thread.graph.TestNGFutureTask.run(TestNGFutureTask.java:22)
at java.base/java.util.concurrent.ThreadPoolExecutor.runWorker(ThreadPoolExecutor.java:1144)
at java.base/java.util.concurrent.ThreadPoolExecutor$Worker.run(ThreadPoolExecutor.java:642)
at java.base/java.lang.Thread.run(Thread.java:1583)
]]>
            </full-stacktrace>
          </exception> <!-- org.openqa.selenium.NoSuchElementException -->
          <reporter-output>
          </reporter-output>
        </test-method> <!-- testSortByNameAscending -->
        <test-method signature="testSortByNameDescending()[pri:2, instance:tests.ProductSortTest@792b749c]" started-at="2025-03-31T11:25:49 IST" name="testSortByNameDescending" finished-at="2025-03-31T11:26:10 IST" duration-ms="21463" status="FAIL">
          <exception class="org.openqa.selenium.NoSuchElementException">
            <message>
              <![CDATA[no such element: Unable to locate element: {"method":"css selector","selector":".product_sort_container"}
  (Session info: chrome=134.0.6998.166)
For documentation on this error, please visit: https://www.selenium.dev/documentation/webdriver/troubleshooting/errors#no-such-element-exception
Build info: version: '4.17.0', revision: 'e52b1be057*'
System info: os.name: 'Mac OS X', os.arch: 'x86_64', os.version: '13.6.6', java.version: '21.0.4'
Driver info: org.openqa.selenium.chrome.ChromeDriver
Command: [2987f9caabe281d974fb4d6eb70973df, findElement {value=product_sort_container, using=class name}]
Capabilities {acceptInsecureCerts: false, browserName: chrome, browserVersion: 134.0.6998.166, chrome: {chromedriverVersion: 134.0.6998.165 (fd886e2cb29..., userDataDir: /var/folders/9g/_h7t81qn27j...}, fedcm:accounts: true, goog:chromeOptions: {debuggerAddress: localhost:55866}, networkConnectionEnabled: false, pageLoadStrategy: normal, platformName: mac, proxy: Proxy(), se:cdp: ws://localhost:55866/devtoo..., se:cdpVersion: 134.0.6998.166, setWindowRect: true, strictFileInteractability: false, timeouts: {implicit: 0, pageLoad: 300000, script: 30000}, unhandledPromptBehavior: dismiss and notify, webauthn:extension:credBlob: true, webauthn:extension:largeBlob: true, webauthn:extension:minPinLength: true, webauthn:extension:prf: true, webauthn:virtualAuthenticators: true}
Session ID: 2987f9caabe281d974fb4d6eb70973df]]>
            </message>
            <full-stacktrace>
              <![CDATA[org.openqa.selenium.NoSuchElementException: no such element: Unable to locate element: {"method":"css selector","selector":".product_sort_container"}
  (Session info: chrome=134.0.6998.166)
For documentation on this error, please visit: https://www.selenium.dev/documentation/webdriver/troubleshooting/errors#no-such-element-exception
Build info: version: '4.17.0', revision: 'e52b1be057*'
System info: os.name: 'Mac OS X', os.arch: 'x86_64', os.version: '13.6.6', java.version: '21.0.4'
Driver info: org.openqa.selenium.chrome.ChromeDriver
Command: [2987f9caabe281d974fb4d6eb70973df, findElement {value=product_sort_container, using=class name}]
Capabilities {acceptInsecureCerts: false, browserName: chrome, browserVersion: 134.0.6998.166, chrome: {chromedriverVersion: 134.0.6998.165 (fd886e2cb29..., userDataDir: /var/folders/9g/_h7t81qn27j...}, fedcm:accounts: true, goog:chromeOptions: {debuggerAddress: localhost:55866}, networkConnectionEnabled: false, pageLoadStrategy: normal, platformName: mac, proxy: Proxy(), se:cdp: ws://localhost:55866/devtoo..., se:cdpVersion: 134.0.6998.166, setWindowRect: true, strictFileInteractability: false, timeouts: {implicit: 0, pageLoad: 300000, script: 30000}, unhandledPromptBehavior: dismiss and notify, webauthn:extension:credBlob: true, webauthn:extension:largeBlob: true, webauthn:extension:minPinLength: true, webauthn:extension:prf: true, webauthn:virtualAuthenticators: true}
Session ID: 2987f9caabe281d974fb4d6eb70973df
at java.base/jdk.internal.reflect.DirectConstructorHandleAccessor.newInstance(DirectConstructorHandleAccessor.java:62)
at java.base/java.lang.reflect.Constructor.newInstanceWithCaller(Constructor.java:502)
at java.base/java.lang.reflect.Constructor.newInstance(Constructor.java:486)
at org.openqa.selenium.remote.codec.w3c.W3CHttpResponseCodec.createException(W3CHttpResponseCodec.java:185)
at org.openqa.selenium.remote.codec.w3c.W3CHttpResponseCodec.decode(W3CHttpResponseCodec.java:134)
at org.openqa.selenium.remote.codec.w3c.W3CHttpResponseCodec.decode(W3CHttpResponseCodec.java:51)
at org.openqa.selenium.remote.HttpCommandExecutor.execute(HttpCommandExecutor.java:190)
at org.openqa.selenium.remote.service.DriverCommandExecutor.invokeExecute(DriverCommandExecutor.java:216)
at org.openqa.selenium.remote.service.DriverCommandExecutor.execute(DriverCommandExecutor.java:174)
at org.openqa.selenium.remote.RemoteWebDriver.execute(RemoteWebDriver.java:519)
at org.openqa.selenium.remote.ElementLocation$ElementFinder$2.findElement(ElementLocation.java:165)
at org.openqa.selenium.remote.ElementLocation.findElement(ElementLocation.java:59)
at org.openqa.selenium.remote.RemoteWebDriver.findElement(RemoteWebDriver.java:356)
at org.openqa.selenium.remote.RemoteWebDriver.findElement(RemoteWebDriver.java:350)
at pages.InventoryPage.selectSortingOption(InventoryPage.java:30)
at tests.ProductSortTest.testSortByNameDescending(ProductSortTest.java:37)
at java.base/jdk.internal.reflect.DirectMethodHandleAccessor.invoke(DirectMethodHandleAccessor.java:103)
at java.base/java.lang.reflect.Method.invoke(Method.java:580)
at org.testng.internal.invokers.MethodInvocationHelper.invokeMethod(MethodInvocationHelper.java:139)
at org.testng.internal.invokers.TestInvoker.invokeMethod(TestInvoker.java:664)
at org.testng.internal.invokers.TestInvoker.invokeTestMethod(TestInvoker.java:228)
at org.testng.internal.invokers.MethodRunner.runInSequence(MethodRunner.java:63)
at org.testng.internal.invokers.TestInvoker$MethodInvocationAgent.invoke(TestInvoker.java:961)
at org.testng.internal.invokers.TestInvoker.invokeTestMethods(TestInvoker.java:201)
at org.testng.internal.invokers.TestMethodWorker.invokeTestMethods(TestMethodWorker.java:148)
at org.testng.internal.invokers.TestMethodWorker.run(TestMethodWorker.java:128)
at java.base/java.util.concurrent.Executors$RunnableAdapter.call(Executors.java:572)
at java.base/java.util.concurrent.FutureTask.run(FutureTask.java:317)
at org.testng.internal.thread.graph.TestNGFutureTask.run(TestNGFutureTask.java:22)
at java.base/java.util.concurrent.ThreadPoolExecutor.runWorker(ThreadPoolExecutor.java:1144)
at java.base/java.util.concurrent.ThreadPoolExecutor$Worker.run(ThreadPoolExecutor.java:642)
at java.base/java.lang.Thread.run(Thread.java:1583)
]]>
            </full-stacktrace>
          </exception> <!-- org.openqa.selenium.NoSuchElementException -->
          <reporter-output>
          </reporter-output>
        </test-method> <!-- testSortByNameDescending -->
        <test-method is-config="true" signature="teardown(org.testng.ITestResult)[pri:0, instance:tests.ProductSortTest@792b749c]" started-at="2025-03-31T11:26:00 IST" name="teardown" finished-at="2025-03-31T11:26:11 IST" duration-ms="10421" status="PASS">
          <params>
            <param index="0">
              <value>
                <![CDATA[[TestResult name=testSortByNameAscending status=FAILURE method=ProductSortTest.testSortByNameAscending()[pri:1, instance:tests.ProductSortTest@792b749c] output={null}]]]>
              </value>
            </param>
          </params>
          <reporter-output>
          </reporter-output>
        </test-method> <!-- teardown -->
        <test-method is-config="true" signature="setup()[pri:0, instance:tests.ProductSortTest@792b749c]" started-at="2025-03-31T11:26:11 IST" name="setup" finished-at="2025-03-31T11:26:13 IST" duration-ms="2506" status="PASS">
          <reporter-output>
          </reporter-output>
        </test-method> <!-- setup -->
        <test-method is-config="true" signature="teardown(org.testng.ITestResult)[pri:0, instance:tests.ProductSortTest@792b749c]" started-at="2025-03-31T11:26:11 IST" name="teardown" finished-at="2025-03-31T11:26:11 IST" duration-ms="417" status="PASS">
          <params>
            <param index="0">
              <value>
                <![CDATA[[TestResult name=testSortByNameDescending status=FAILURE method=ProductSortTest.testSortByNameDescending()[pri:2, instance:tests.ProductSortTest@792b749c] output={null}]]]>
              </value>
            </param>
          </params>
          <reporter-output>
          </reporter-output>
        </test-method> <!-- teardown -->
        <test-method is-config="true" signature="setup()[pri:0, instance:tests.ProductSortTest@792b749c]" started-at="2025-03-31T11:26:11 IST" name="setup" finished-at="2025-03-31T11:26:13 IST" duration-ms="2135" status="PASS">
          <reporter-output>
          </reporter-output>
        </test-method> <!-- setup -->
        <test-method signature="testSortByPriceLowToHigh()[pri:3, instance:tests.ProductSortTest@792b749c]" started-at="2025-03-31T11:26:13 IST" name="testSortByPriceLowToHigh" finished-at="2025-03-31T11:26:24 IST" duration-ms="11059" status="FAIL">
          <exception class="org.openqa.selenium.NoSuchElementException">
            <message>
              <![CDATA[no such element: Unable to locate element: {"method":"css selector","selector":".product_sort_container"}
  (Session info: chrome=134.0.6998.166)
For documentation on this error, please visit: https://www.selenium.dev/documentation/webdriver/troubleshooting/errors#no-such-element-exception
Build info: version: '4.17.0', revision: 'e52b1be057*'
System info: os.name: 'Mac OS X', os.arch: 'x86_64', os.version: '13.6.6', java.version: '21.0.4'
Driver info: org.openqa.selenium.chrome.ChromeDriver
Command: [b6a7a44cf63f1f47a7aac7f2a2cf7a8b, findElement {value=product_sort_container, using=class name}]
Capabilities {acceptInsecureCerts: false, browserName: chrome, browserVersion: 134.0.6998.166, chrome: {chromedriverVersion: 134.0.6998.165 (fd886e2cb29..., userDataDir: /var/folders/9g/_h7t81qn27j...}, fedcm:accounts: true, goog:chromeOptions: {debuggerAddress: localhost:55941}, networkConnectionEnabled: false, pageLoadStrategy: normal, platformName: mac, proxy: Proxy(), se:cdp: ws://localhost:55941/devtoo..., se:cdpVersion: 134.0.6998.166, setWindowRect: true, strictFileInteractability: false, timeouts: {implicit: 0, pageLoad: 300000, script: 30000}, unhandledPromptBehavior: dismiss and notify, webauthn:extension:credBlob: true, webauthn:extension:largeBlob: true, webauthn:extension:minPinLength: true, webauthn:extension:prf: true, webauthn:virtualAuthenticators: true}
Session ID: b6a7a44cf63f1f47a7aac7f2a2cf7a8b]]>
            </message>
            <full-stacktrace>
              <![CDATA[org.openqa.selenium.NoSuchElementException: no such element: Unable to locate element: {"method":"css selector","selector":".product_sort_container"}
  (Session info: chrome=134.0.6998.166)
For documentation on this error, please visit: https://www.selenium.dev/documentation/webdriver/troubleshooting/errors#no-such-element-exception
Build info: version: '4.17.0', revision: 'e52b1be057*'
System info: os.name: 'Mac OS X', os.arch: 'x86_64', os.version: '13.6.6', java.version: '21.0.4'
Driver info: org.openqa.selenium.chrome.ChromeDriver
Command: [b6a7a44cf63f1f47a7aac7f2a2cf7a8b, findElement {value=product_sort_container, using=class name}]
Capabilities {acceptInsecureCerts: false, browserName: chrome, browserVersion: 134.0.6998.166, chrome: {chromedriverVersion: 134.0.6998.165 (fd886e2cb29..., userDataDir: /var/folders/9g/_h7t81qn27j...}, fedcm:accounts: true, goog:chromeOptions: {debuggerAddress: localhost:55941}, networkConnectionEnabled: false, pageLoadStrategy: normal, platformName: mac, proxy: Proxy(), se:cdp: ws://localhost:55941/devtoo..., se:cdpVersion: 134.0.6998.166, setWindowRect: true, strictFileInteractability: false, timeouts: {implicit: 0, pageLoad: 300000, script: 30000}, unhandledPromptBehavior: dismiss and notify, webauthn:extension:credBlob: true, webauthn:extension:largeBlob: true, webauthn:extension:minPinLength: true, webauthn:extension:prf: true, webauthn:virtualAuthenticators: true}
Session ID: b6a7a44cf63f1f47a7aac7f2a2cf7a8b
at java.base/jdk.internal.reflect.DirectConstructorHandleAccessor.newInstance(DirectConstructorHandleAccessor.java:62)
at java.base/java.lang.reflect.Constructor.newInstanceWithCaller(Constructor.java:502)
at java.base/java.lang.reflect.Constructor.newInstance(Constructor.java:486)
at org.openqa.selenium.remote.codec.w3c.W3CHttpResponseCodec.createException(W3CHttpResponseCodec.java:185)
at org.openqa.selenium.remote.codec.w3c.W3CHttpResponseCodec.decode(W3CHttpResponseCodec.java:134)
at org.openqa.selenium.remote.codec.w3c.W3CHttpResponseCodec.decode(W3CHttpResponseCodec.java:51)
at org.openqa.selenium.remote.HttpCommandExecutor.execute(HttpCommandExecutor.java:190)
at org.openqa.selenium.remote.service.DriverCommandExecutor.invokeExecute(DriverCommandExecutor.java:216)
at org.openqa.selenium.remote.service.DriverCommandExecutor.execute(DriverCommandExecutor.java:174)
at org.openqa.selenium.remote.RemoteWebDriver.execute(RemoteWebDriver.java:519)
at org.openqa.selenium.remote.ElementLocation$ElementFinder$2.findElement(ElementLocation.java:165)
at org.openqa.selenium.remote.ElementLocation.findElement(ElementLocation.java:66)
at org.openqa.selenium.remote.RemoteWebDriver.findElement(RemoteWebDriver.java:356)
at org.openqa.selenium.remote.RemoteWebDriver.findElement(RemoteWebDriver.java:350)
at pages.InventoryPage.selectSortingOption(InventoryPage.java:30)
at tests.ProductSortTest.testSortByPriceLowToHigh(ProductSortTest.java:47)
at java.base/jdk.internal.reflect.DirectMethodHandleAccessor.invoke(DirectMethodHandleAccessor.java:103)
at java.base/java.lang.reflect.Method.invoke(Method.java:580)
at org.testng.internal.invokers.MethodInvocationHelper.invokeMethod(MethodInvocationHelper.java:139)
at org.testng.internal.invokers.TestInvoker.invokeMethod(TestInvoker.java:664)
at org.testng.internal.invokers.TestInvoker.invokeTestMethod(TestInvoker.java:228)
at org.testng.internal.invokers.MethodRunner.runInSequence(MethodRunner.java:63)
at org.testng.internal.invokers.TestInvoker$MethodInvocationAgent.invoke(TestInvoker.java:961)
at org.testng.internal.invokers.TestInvoker.invokeTestMethods(TestInvoker.java:201)
at org.testng.internal.invokers.TestMethodWorker.invokeTestMethods(TestMethodWorker.java:148)
at org.testng.internal.invokers.TestMethodWorker.run(TestMethodWorker.java:128)
at java.base/java.util.concurrent.Executors$RunnableAdapter.call(Executors.java:572)
at java.base/java.util.concurrent.FutureTask.run(FutureTask.java:317)
at org.testng.internal.thread.graph.TestNGFutureTask.run(TestNGFutureTask.java:22)
at java.base/java.util.concurrent.ThreadPoolExecutor.runWorker(ThreadPoolExecutor.java:1144)
at java.base/java.util.concurrent.ThreadPoolExecutor$Worker.run(ThreadPoolExecutor.java:642)
at java.base/java.lang.Thread.run(Thread.java:1583)
]]>
            </full-stacktrace>
          </exception> <!-- org.openqa.selenium.NoSuchElementException -->
          <reporter-output>
          </reporter-output>
        </test-method> <!-- testSortByPriceLowToHigh -->
        <test-method signature="testSortByPriceHighToLow()[pri:4, instance:tests.ProductSortTest@792b749c]" started-at="2025-03-31T11:26:13 IST" name="testSortByPriceHighToLow" finished-at="2025-03-31T11:26:35 IST" duration-ms="21459" status="FAIL">
          <exception class="org.openqa.selenium.NoSuchElementException">
            <message>
              <![CDATA[no such element: Unable to locate element: {"method":"css selector","selector":".product_sort_container"}
  (Session info: chrome=134.0.6998.166)
For documentation on this error, please visit: https://www.selenium.dev/documentation/webdriver/troubleshooting/errors#no-such-element-exception
Build info: version: '4.17.0', revision: 'e52b1be057*'
System info: os.name: 'Mac OS X', os.arch: 'x86_64', os.version: '13.6.6', java.version: '21.0.4'
Driver info: org.openqa.selenium.chrome.ChromeDriver
Command: [b6a7a44cf63f1f47a7aac7f2a2cf7a8b, findElement {value=product_sort_container, using=class name}]
Capabilities {acceptInsecureCerts: false, browserName: chrome, browserVersion: 134.0.6998.166, chrome: {chromedriverVersion: 134.0.6998.165 (fd886e2cb29..., userDataDir: /var/folders/9g/_h7t81qn27j...}, fedcm:accounts: true, goog:chromeOptions: {debuggerAddress: localhost:55941}, networkConnectionEnabled: false, pageLoadStrategy: normal, platformName: mac, proxy: Proxy(), se:cdp: ws://localhost:55941/devtoo..., se:cdpVersion: 134.0.6998.166, setWindowRect: true, strictFileInteractability: false, timeouts: {implicit: 0, pageLoad: 300000, script: 30000}, unhandledPromptBehavior: dismiss and notify, webauthn:extension:credBlob: true, webauthn:extension:largeBlob: true, webauthn:extension:minPinLength: true, webauthn:extension:prf: true, webauthn:virtualAuthenticators: true}
Session ID: b6a7a44cf63f1f47a7aac7f2a2cf7a8b]]>
            </message>
            <full-stacktrace>
              <![CDATA[org.openqa.selenium.NoSuchElementException: no such element: Unable to locate element: {"method":"css selector","selector":".product_sort_container"}
  (Session info: chrome=134.0.6998.166)
For documentation on this error, please visit: https://www.selenium.dev/documentation/webdriver/troubleshooting/errors#no-such-element-exception
Build info: version: '4.17.0', revision: 'e52b1be057*'
System info: os.name: 'Mac OS X', os.arch: 'x86_64', os.version: '13.6.6', java.version: '21.0.4'
Driver info: org.openqa.selenium.chrome.ChromeDriver
Command: [b6a7a44cf63f1f47a7aac7f2a2cf7a8b, findElement {value=product_sort_container, using=class name}]
Capabilities {acceptInsecureCerts: false, browserName: chrome, browserVersion: 134.0.6998.166, chrome: {chromedriverVersion: 134.0.6998.165 (fd886e2cb29..., userDataDir: /var/folders/9g/_h7t81qn27j...}, fedcm:accounts: true, goog:chromeOptions: {debuggerAddress: localhost:55941}, networkConnectionEnabled: false, pageLoadStrategy: normal, platformName: mac, proxy: Proxy(), se:cdp: ws://localhost:55941/devtoo..., se:cdpVersion: 134.0.6998.166, setWindowRect: true, strictFileInteractability: false, timeouts: {implicit: 0, pageLoad: 300000, script: 30000}, unhandledPromptBehavior: dismiss and notify, webauthn:extension:credBlob: true, webauthn:extension:largeBlob: true, webauthn:extension:minPinLength: true, webauthn:extension:prf: true, webauthn:virtualAuthenticators: true}
Session ID: b6a7a44cf63f1f47a7aac7f2a2cf7a8b
at java.base/jdk.internal.reflect.DirectConstructorHandleAccessor.newInstance(DirectConstructorHandleAccessor.java:62)
at java.base/java.lang.reflect.Constructor.newInstanceWithCaller(Constructor.java:502)
at java.base/java.lang.reflect.Constructor.newInstance(Constructor.java:486)
at org.openqa.selenium.remote.codec.w3c.W3CHttpResponseCodec.createException(W3CHttpResponseCodec.java:185)
at org.openqa.selenium.remote.codec.w3c.W3CHttpResponseCodec.decode(W3CHttpResponseCodec.java:134)
at org.openqa.selenium.remote.codec.w3c.W3CHttpResponseCodec.decode(W3CHttpResponseCodec.java:51)
at org.openqa.selenium.remote.HttpCommandExecutor.execute(HttpCommandExecutor.java:190)
at org.openqa.selenium.remote.service.DriverCommandExecutor.invokeExecute(DriverCommandExecutor.java:216)
at org.openqa.selenium.remote.service.DriverCommandExecutor.execute(DriverCommandExecutor.java:174)
at org.openqa.selenium.remote.RemoteWebDriver.execute(RemoteWebDriver.java:519)
at org.openqa.selenium.remote.ElementLocation$ElementFinder$2.findElement(ElementLocation.java:165)
at org.openqa.selenium.remote.ElementLocation.findElement(ElementLocation.java:59)
at org.openqa.selenium.remote.RemoteWebDriver.findElement(RemoteWebDriver.java:356)
at org.openqa.selenium.remote.RemoteWebDriver.findElement(RemoteWebDriver.java:350)
at pages.InventoryPage.selectSortingOption(InventoryPage.java:30)
at tests.ProductSortTest.testSortByPriceHighToLow(ProductSortTest.java:57)
at java.base/jdk.internal.reflect.DirectMethodHandleAccessor.invoke(DirectMethodHandleAccessor.java:103)
at java.base/java.lang.reflect.Method.invoke(Method.java:580)
at org.testng.internal.invokers.MethodInvocationHelper.invokeMethod(MethodInvocationHelper.java:139)
at org.testng.internal.invokers.TestInvoker.invokeMethod(TestInvoker.java:664)
at org.testng.internal.invokers.TestInvoker.invokeTestMethod(TestInvoker.java:228)
at org.testng.internal.invokers.MethodRunner.runInSequence(MethodRunner.java:63)
at org.testng.internal.invokers.TestInvoker$MethodInvocationAgent.invoke(TestInvoker.java:961)
at org.testng.internal.invokers.TestInvoker.invokeTestMethods(TestInvoker.java:201)
at org.testng.internal.invokers.TestMethodWorker.invokeTestMethods(TestMethodWorker.java:148)
at org.testng.internal.invokers.TestMethodWorker.run(TestMethodWorker.java:128)
at java.base/java.util.concurrent.Executors$RunnableAdapter.call(Executors.java:572)
at java.base/java.util.concurrent.FutureTask.run(FutureTask.java:317)
at org.testng.internal.thread.graph.TestNGFutureTask.run(TestNGFutureTask.java:22)
at java.base/java.util.concurrent.ThreadPoolExecutor.runWorker(ThreadPoolExecutor.java:1144)
at java.base/java.util.concurrent.ThreadPoolExecutor$Worker.run(ThreadPoolExecutor.java:642)
at java.base/java.lang.Thread.run(Thread.java:1583)
]]>
            </full-stacktrace>
          </exception> <!-- org.openqa.selenium.NoSuchElementException -->
          <reporter-output>
          </reporter-output>
        </test-method> <!-- testSortByPriceHighToLow -->
        <test-method is-config="true" signature="teardown(org.testng.ITestResult)[pri:0, instance:tests.ProductSortTest@792b749c]" started-at="2025-03-31T11:26:25 IST" name="teardown" finished-at="2025-03-31T11:26:35 IST" duration-ms="10543" status="PASS">
          <params>
            <param index="0">
              <value>
                <![CDATA[[TestResult name=testSortByPriceLowToHigh status=FAILURE method=ProductSortTest.testSortByPriceLowToHigh()[pri:3, instance:tests.ProductSortTest@792b749c] output={null}]]]>
              </value>
            </param>
          </params>
          <reporter-output>
          </reporter-output>
        </test-method> <!-- teardown -->
        <test-method is-config="true" signature="teardown(org.testng.ITestResult)[pri:0, instance:tests.ProductSortTest@792b749c]" started-at="2025-03-31T11:26:36 IST" name="teardown" finished-at="2025-03-31T11:26:36 IST" duration-ms="498" status="PASS">
          <params>
            <param index="0">
              <value>
                <![CDATA[[TestResult name=testSortByPriceHighToLow status=FAILURE method=ProductSortTest.testSortByPriceHighToLow()[pri:4, instance:tests.ProductSortTest@792b749c] output={null}]]]>
              </value>
            </param>
          </params>
          <reporter-output>
          </reporter-output>
        </test-method> <!-- teardown -->
      </class> <!-- tests.ProductSortTest -->
    </test> <!-- Test -->
  </suite> <!-- Suite -->
</testng-results>
