<?xml version="1.0" encoding="UTF-8"?>
<!-- Generated by org.testng.reporters.JUnitXMLReporter -->
<testsuite ignored="0" hostname="Presidios-MacBook-Pro-4.local" failures="0" tests="3" name="Test" time="13.345" errors="0" timestamp="2025-03-31T15:01:19 IST">
  <testcase classname="tests.CompletePuchrchaseTest" name="testCheckoutWithDifferentUsers" time="1.944"/>
  <testcase classname="tests.CompletePuchrchaseTest" name="testCheckoutWithDifferentUsers" time="1.958"/>
  <testcase classname="tests.CompletePuchrchaseTest" name="testCheckoutWithDifferentUsers" time="1.958"/>
</testsuite> <!-- Test -->
