<?xml version="1.0" encoding="UTF-8"?>
<!-- Generated by org.testng.reporters.JUnitXMLReporter -->
<testsuite ignored="0" hostname="Presidios-MacBook-Pro-4.local" failures="0" tests="3" name="Test" time="13.368" errors="0" timestamp="2025-04-01T12:13:43 IST">
  <testcase classname="tests.CompletePuchrchaseTest" name="testCheckoutWithDifferentUsers" time="1.917"/>
  <testcase classname="tests.CompletePuchrchaseTest" name="testCheckoutWithDifferentUsers" time="1.918"/>
  <testcase classname="tests.CompletePuchrchaseTest" name="testCheckoutWithDifferentUsers" time="1.98"/>
</testsuite> <!-- Test -->
