<?xml version="1.0" encoding="UTF-8"?>
<testng-results ignored="0" total="5" passed="4" failed="1" skipped="0">
  <reporter-output>
  </reporter-output>
  <suite started-at="2025-03-29T17:37:45 IST" name="Suite" finished-at="2025-03-29T17:38:04 IST" duration-ms="19314">
    <groups>
    </groups>
    <test started-at="2025-03-29T17:37:45 IST" name="Test" finished-at="2025-03-29T17:38:04 IST" duration-ms="19314">
      <class name="tests.ProductSortTest">
        <test-method is-config="true" signature="setup()[pri:0, instance:tests.ProductSortTest@3e30646a]" started-at="2025-03-29T17:37:45 IST" name="setup" finished-at="2025-03-29T17:37:48 IST" duration-ms="3664" status="PASS">
          <reporter-output>
          </reporter-output>
        </test-method> <!-- setup -->
        <test-method signature="Verify_the_product_list_is_displayed_after_login()[pri:0, instance:tests.ProductSortTest@3e30646a]" started-at="2025-03-29T17:37:48 IST" name="Verify_the_product_list_is_displayed_after_login" finished-at="2025-03-29T17:37:49 IST" duration-ms="578" status="PASS">
          <reporter-output>
          </reporter-output>
        </test-method> <!-- Verify_the_product_list_is_displayed_after_login -->
        <test-method is-config="true" signature="teardown()[pri:0, instance:tests.ProductSortTest@3e30646a]" started-at="2025-03-29T17:37:49 IST" name="teardown" finished-at="2025-03-29T17:37:49 IST" duration-ms="122" status="PASS">
          <reporter-output>
          </reporter-output>
        </test-method> <!-- teardown -->
        <test-method is-config="true" signature="setup()[pri:0, instance:tests.ProductSortTest@3e30646a]" started-at="2025-03-29T17:37:49 IST" name="setup" finished-at="2025-03-29T17:37:52 IST" duration-ms="3026" status="PASS">
          <reporter-output>
          </reporter-output>
        </test-method> <!-- setup -->
        <test-method signature="testSortByNameAscending()[pri:1, instance:tests.ProductSortTest@3e30646a]" started-at="2025-03-29T17:37:52 IST" name="testSortByNameAscending" finished-at="2025-03-29T17:37:53 IST" duration-ms="532" status="PASS">
          <reporter-output>
          </reporter-output>
        </test-method> <!-- testSortByNameAscending -->
        <test-method is-config="true" signature="teardown()[pri:0, instance:tests.ProductSortTest@3e30646a]" started-at="2025-03-29T17:37:53 IST" name="teardown" finished-at="2025-03-29T17:37:53 IST" duration-ms="101" status="PASS">
          <reporter-output>
          </reporter-output>
        </test-method> <!-- teardown -->
        <test-method is-config="true" signature="setup()[pri:0, instance:tests.ProductSortTest@3e30646a]" started-at="2025-03-29T17:37:53 IST" name="setup" finished-at="2025-03-29T17:37:56 IST" duration-ms="2805" status="PASS">
          <reporter-output>
          </reporter-output>
        </test-method> <!-- setup -->
        <test-method signature="testSortByNameDescending()[pri:2, instance:tests.ProductSortTest@3e30646a]" started-at="2025-03-29T17:37:56 IST" name="testSortByNameDescending" finished-at="2025-03-29T17:37:56 IST" duration-ms="554" status="PASS">
          <reporter-output>
          </reporter-output>
        </test-method> <!-- testSortByNameDescending -->
        <test-method is-config="true" signature="teardown()[pri:0, instance:tests.ProductSortTest@3e30646a]" started-at="2025-03-29T17:37:56 IST" name="teardown" finished-at="2025-03-29T17:37:56 IST" duration-ms="99" status="PASS">
          <reporter-output>
          </reporter-output>
        </test-method> <!-- teardown -->
        <test-method is-config="true" signature="setup()[pri:0, instance:tests.ProductSortTest@3e30646a]" started-at="2025-03-29T17:37:56 IST" name="setup" finished-at="2025-03-29T17:37:59 IST" duration-ms="2946" status="PASS">
          <reporter-output>
          </reporter-output>
        </test-method> <!-- setup -->
        <test-method signature="testSortByPriceLowToHigh()[pri:3, instance:tests.ProductSortTest@3e30646a]" started-at="2025-03-29T17:37:59 IST" name="testSortByPriceLowToHigh" finished-at="2025-03-29T17:38:00 IST" duration-ms="560" status="FAIL">
          <exception class="java.lang.AssertionError">
            <message>
              <![CDATA[failed]]>
            </message>
            <full-stacktrace>
              <![CDATA[java.lang.AssertionError: failed
at org.testng.Assert.fail(Assert.java:111)
at tests.ProductSortTest.testSortByPriceLowToHigh(ProductSortTest.java:50)
at java.base/jdk.internal.reflect.DirectMethodHandleAccessor.invoke(DirectMethodHandleAccessor.java:103)
at java.base/java.lang.reflect.Method.invoke(Method.java:580)
at org.testng.internal.invokers.MethodInvocationHelper.invokeMethod(MethodInvocationHelper.java:139)
at org.testng.internal.invokers.TestInvoker.invokeMethod(TestInvoker.java:664)
at org.testng.internal.invokers.TestInvoker.invokeTestMethod(TestInvoker.java:228)
at org.testng.internal.invokers.MethodRunner.runInSequence(MethodRunner.java:63)
at org.testng.internal.invokers.TestInvoker$MethodInvocationAgent.invoke(TestInvoker.java:961)
at org.testng.internal.invokers.TestInvoker.invokeTestMethods(TestInvoker.java:201)
at org.testng.internal.invokers.TestMethodWorker.invokeTestMethods(TestMethodWorker.java:148)
at org.testng.internal.invokers.TestMethodWorker.run(TestMethodWorker.java:128)
at java.base/java.util.ArrayList.forEach(ArrayList.java:1596)
at org.testng.TestRunner.privateRun(TestRunner.java:819)
at org.testng.TestRunner.run(TestRunner.java:619)
at org.testng.SuiteRunner.runTest(SuiteRunner.java:443)
at org.testng.SuiteRunner.runSequentially(SuiteRunner.java:437)
at org.testng.SuiteRunner.privateRun(SuiteRunner.java:397)
at org.testng.SuiteRunner.run(SuiteRunner.java:336)
at org.testng.SuiteRunnerWorker.runSuite(SuiteRunnerWorker.java:52)
at org.testng.SuiteRunnerWorker.run(SuiteRunnerWorker.java:95)
at org.testng.TestNG.runSuitesSequentially(TestNG.java:1301)
at org.testng.TestNG.runSuitesLocally(TestNG.java:1228)
at org.testng.TestNG.runSuites(TestNG.java:1134)
at org.testng.TestNG.run(TestNG.java:1101)
at org.testng.remote.AbstractRemoteTestNG.run(AbstractRemoteTestNG.java:115)
at org.testng.remote.RemoteTestNG.initAndRun(RemoteTestNG.java:293)
at org.testng.remote.RemoteTestNG.main(RemoteTestNG.java:91)
]]>
            </full-stacktrace>
          </exception> <!-- java.lang.AssertionError -->
          <reporter-output>
          </reporter-output>
        </test-method> <!-- testSortByPriceLowToHigh -->
        <test-method is-config="true" signature="teardown()[pri:0, instance:tests.ProductSortTest@3e30646a]" started-at="2025-03-29T17:38:00 IST" name="teardown" finished-at="2025-03-29T17:38:00 IST" duration-ms="104" status="PASS">
          <reporter-output>
          </reporter-output>
        </test-method> <!-- teardown -->
        <test-method is-config="true" signature="setup()[pri:0, instance:tests.ProductSortTest@3e30646a]" started-at="2025-03-29T17:38:00 IST" name="setup" finished-at="2025-03-29T17:38:03 IST" duration-ms="2919" status="PASS">
          <reporter-output>
          </reporter-output>
        </test-method> <!-- setup -->
        <test-method signature="testSortByPriceHighToLow()[pri:4, instance:tests.ProductSortTest@3e30646a]" started-at="2025-03-29T17:38:03 IST" name="testSortByPriceHighToLow" finished-at="2025-03-29T17:38:04 IST" duration-ms="558" status="PASS">
          <reporter-output>
          </reporter-output>
        </test-method> <!-- testSortByPriceHighToLow -->
        <test-method is-config="true" signature="teardown()[pri:0, instance:tests.ProductSortTest@3e30646a]" started-at="2025-03-29T17:38:04 IST" name="teardown" finished-at="2025-03-29T17:38:04 IST" duration-ms="100" status="PASS">
          <reporter-output>
          </reporter-output>
        </test-method> <!-- teardown -->
      </class> <!-- tests.ProductSortTest -->
    </test> <!-- Test -->
  </suite> <!-- Suite -->
</testng-results>
